zxing/build/outputs/logs/manifest-merger-debug-report.txt
-- Merging decision tree log ---
manifest
ADDED from src\main\AndroidManifest.xml:1:1-27:12
	package
		ADDED from src\main\AndroidManifest.xml:2:3-44
		INJECTED from src\main\AndroidManifest.xml
		INJECTED from src\main\AndroidManifest.xml
	android:versionName
		INJECTED from src\main\AndroidManifest.xml
		INJECTED from src\main\AndroidManifest.xml
	xmlns:android
		ADDED from src\main\AndroidManifest.xml:1:11-69
	android:versionCode
		INJECTED from src\main\AndroidManifest.xml
		INJECTED from src\main\AndroidManifest.xml
uses-permission#android.permission.CAMERA
ADDED from src\main\AndroidManifest.xml:3:3-62
	android:name
		ADDED from src\main\AndroidManifest.xml:3:20-60
uses-sdk
ADDED from src\main\AndroidManifest.xml:6:3-70
MERGED from [com.android.support:appcompat-v7:23.0.1] AndroidManifest.xml:20:5-43
MERGED from [com.android.support:support-v4:23.0.1] AndroidManifest.xml:20:5-43
	android:targetSdkVersion
		ADDED from src\main\AndroidManifest.xml:6:39-68
		INJECTED from src\main\AndroidManifest.xml
		INJECTED from src\main\AndroidManifest.xml
	android:minSdkVersion
		ADDED from src\main\AndroidManifest.xml:6:13-38
		INJECTED from src\main\AndroidManifest.xml
		INJECTED from src\main\AndroidManifest.xml
uses-feature#android.hardware.camera
ADDED from src\main\AndroidManifest.xml:9:3-82
	android:required
		ADDED from src\main\AndroidManifest.xml:9:56-80
	android:name
		ADDED from src\main\AndroidManifest.xml:9:17-55
uses-feature#android.hardware.camera.front
ADDED from src\main\AndroidManifest.xml:10:3-88
	android:required
		ADDED from src\main\AndroidManifest.xml:10:62-86
	android:name
		ADDED from src\main\AndroidManifest.xml:10:17-61
uses-feature#android.hardware.camera.autofocus
ADDED from src\main\AndroidManifest.xml:13:3-92
	android:required
		ADDED from src\main\AndroidManifest.xml:13:66-90
	android:name
		ADDED from src\main\AndroidManifest.xml:13:17-65
uses-feature#android.hardware.camera.flash
ADDED from src\main\AndroidManifest.xml:14:3-88
	android:required
		ADDED from src\main\AndroidManifest.xml:14:62-86
	android:name
		ADDED from src\main\AndroidManifest.xml:14:17-61
uses-feature#android.hardware.screen.landscape
ADDED from src\main\AndroidManifest.xml:15:3-93
	android:required
		ADDED from src\main\AndroidManifest.xml:15:66-90
	android:name
		ADDED from src\main\AndroidManifest.xml:15:17-65
uses-feature#android.hardware.wifi
ADDED from src\main\AndroidManifest.xml:16:3-80
	android:required
		ADDED from src\main\AndroidManifest.xml:16:54-78
	android:name
		ADDED from src\main\AndroidManifest.xml:16:17-53
application
ADDED from src\main\AndroidManifest.xml:19:3-26:17
MERGED from [com.android.support:appcompat-v7:23.0.1] AndroidManifest.xml:22:5-20
MERGED from [com.android.support:support-v4:23.0.1] AndroidManifest.xml:22:5-20
activity#com.journeyapps.barcodescanner.CaptureActivity
ADDED from src\main\AndroidManifest.xml:20:5-25:56
	android:clearTaskOnLaunch
		ADDED from src\main\AndroidManifest.xml:21:7-39
	android:screenOrientation
		ADDED from src\main\AndroidManifest.xml:22:7-50
	android:stateNotNeeded
		ADDED from src\main\AndroidManifest.xml:23:7-36
	android:windowSoftInputMode
		ADDED from src\main\AndroidManifest.xml:25:7-54
	android:theme
		ADDED from src\main\AndroidManifest.xml:24:7-48
	android:name
		ADDED from src\main\AndroidManifest.xml:20:15-76